<?xml version="1.0" encoding="UTF-8"?>
<testng-results ignored="0" total="2" passed="2" failed="0" skipped="0">
  <reporter-output>
  </reporter-output>
  <suite started-at="2023-09-05T18:30:49 IST" name="Default suite" finished-at="2023-09-05T18:30:59 IST" duration-ms="9970">
    <groups>
    </groups>
    <test started-at="2023-09-05T18:30:49 IST" name="Default test" finished-at="2023-09-05T18:30:59 IST" duration-ms="9970">
      <class name="Fb_Login">
        <test-method is-config="true" signature="setup()[pri:0, instance:Fb_Login@5af3afd9]" started-at="2023-09-05T18:30:49 IST" name="setup" finished-at="2023-09-05T18:30:53 IST" duration-ms="3838" status="PASS">
          <reporter-output>
          </reporter-output>
        </test-method> <!-- setup -->
        <test-method signature="TC_FB()[pri:1, instance:Fb_Login@5af3afd9]" started-at="2023-09-05T18:30:53 IST" name="TC_FB" finished-at="2023-09-05T18:30:53 IST" duration-ms="277" status="PASS">
          <reporter-output>
          </reporter-output>
        </test-method> <!-- TC_FB -->
        <test-method signature="VerifiedTitle()[pri:2, instance:Fb_Login@5af3afd9]" started-at="2023-09-05T18:30:53 IST" name="VerifiedTitle" finished-at="2023-09-05T18:30:58 IST" duration-ms="5403" status="PASS">
          <reporter-output>
          </reporter-output>
        </test-method> <!-- VerifiedTitle -->
        <test-method is-config="true" signature="teardown()[pri:0, instance:Fb_Login@5af3afd9]" started-at="2023-09-05T18:30:58 IST" name="teardown" finished-at="2023-09-05T18:30:59 IST" duration-ms="411" status="PASS">
          <reporter-output>
          </reporter-output>
        </test-method> <!-- teardown -->
      </class> <!-- Fb_Login -->
    </test> <!-- Default test -->
  </suite> <!-- Default suite -->
</testng-results>
